<?xml version="1.0" encoding="UTF-8"?>
<robot generator="Robot 4.1.3 (Python 3.10.2 on darwin)" generated="20220223 22:19:31.538" rpa="false" schemaversion="2">
<suite id="s1" name="Testcase" source="/Users/makzibs/PractiseWebTesting/testcases/Testcase.robot">
<test id="s1-t1" name="Robot Fetch Data">
<kw name="Start Browser and Maximize" library="Resources">
<kw name="Open Browser" library="SeleniumLibrary">
<arg>http://www.thetestingworld.com/testings</arg>
<arg>Chrome</arg>
<doc>Opens a new browser instance to the optional ``url``.</doc>
<msg timestamp="20220223 22:19:31.668" level="INFO">Opening browser 'Chrome' to base url 'http://www.thetestingworld.com/testings'.</msg>
<status status="PASS" starttime="20220223 22:19:31.667" endtime="20220223 22:19:34.850"/>
</kw>
<kw name="Maximize Browser Window" library="SeleniumLibrary">
<doc>Maximizes current browser window.</doc>
<status status="PASS" starttime="20220223 22:19:34.850" endtime="20220223 22:19:35.019"/>
</kw>
<status status="PASS" starttime="20220223 22:19:31.667" endtime="20220223 22:19:35.019"/>
</kw>
<kw name="Concatenate Username and Password" library="Resources">
<arg>Testing</arg>
<arg>World</arg>
<kw name="Concatenate Two Values" library="UserKeywords">
<var>${resultval}</var>
<arg>${username}</arg>
<arg>${password}</arg>
<msg timestamp="20220223 22:19:35.020" level="INFO">${resultval} = TestingWorld</msg>
<status status="PASS" starttime="20220223 22:19:35.020" endtime="20220223 22:19:35.020"/>
</kw>
<kw name="Log To Console" library="BuiltIn">
<arg>${resultval}</arg>
<doc>Logs the given message to the console.</doc>
<status status="PASS" starttime="20220223 22:19:35.021" endtime="20220223 22:19:35.021"/>
</kw>
<status status="PASS" starttime="20220223 22:19:35.020" endtime="20220223 22:19:35.021"/>
</kw>
<kw name="Close Browser Window" library="Resources">
<kw name="Get Title" library="SeleniumLibrary">
<var>${Title}</var>
<doc>Returns the title of the current page.</doc>
<msg timestamp="20220223 22:19:35.026" level="INFO">${Title} = Login &amp; Sign Up Forms</msg>
<status status="PASS" starttime="20220223 22:19:35.021" endtime="20220223 22:19:35.026"/>
</kw>
<kw name="Log" library="BuiltIn">
<arg>${Title}</arg>
<doc>Logs the given message with the given level.</doc>
<msg timestamp="20220223 22:19:35.026" level="INFO">Login &amp; Sign Up Forms</msg>
<status status="PASS" starttime="20220223 22:19:35.026" endtime="20220223 22:19:35.026"/>
</kw>
<kw name="Close Browser" library="SeleniumLibrary">
<doc>Closes the current browser.</doc>
<status status="PASS" starttime="20220223 22:19:35.027" endtime="20220223 22:19:35.103"/>
</kw>
<status status="PASS" starttime="20220223 22:19:35.021" endtime="20220223 22:19:35.103"/>
</kw>
<status status="PASS" starttime="20220223 22:19:31.667" endtime="20220223 22:19:35.103"/>
</test>
<status status="PASS" starttime="20220223 22:19:31.540" endtime="20220223 22:19:35.106"/>
</suite>
<statistics>
<total>
<stat pass="1" fail="0" skip="0">All Tests</stat>
</total>
<tag>
</tag>
<suite>
<stat pass="1" fail="0" skip="0" id="s1" name="Testcase">Testcase</stat>
</suite>
</statistics>
<errors>
</errors>
</robot>
